{
  "stats": {
    "suites": 1,
    "tests": 4,
    "passes": 4,
    "pending": 0,
    "failures": 0,
    "start": "2023-10-18T05:16:02.507Z",
    "end": "2023-10-18T05:16:04.107Z",
    "duration": 1600,
    "testsRegistered": 4,
    "passPercent": 100,
    "pendingPercent": 0,
    "other": 0,
    "hasOther": false,
    "skipped": 0,
    "hasSkipped": false
  },
  "results": [
    {
      "uuid": "e4f4732c-eda0-4bef-b91f-087f266f2b4b",
      "title": "",
      "fullFile": "D:\\QA\\Github\\Sanber-Week4\\KasirAja\\Suites\\Positive\\Users.js",
      "file": "\\KasirAja\\Suites\\Positive\\Users.js",
      "beforeHooks": [],
      "afterHooks": [],
      "tests": [],
      "suites": [
        {
          "uuid": "015f2fc8-5bed-4375-bc3b-d34032d8cdd6",
          "title": "CRUD Positive RESTFULL Users",
          "fullFile": "D:\\QA\\Github\\Sanber-Week4\\KasirAja\\Suites\\Positive\\Users.js",
          "file": "\\KasirAja\\Suites\\Positive\\Users.js",
          "beforeHooks": [
            {
              "title": "\"before all\" hook in \"CRUD Positive RESTFULL Users\"",
              "fullTitle": "CRUD Positive RESTFULL Users \"before all\" hook in \"CRUD Positive RESTFULL Users\"",
              "timedOut": false,
              "duration": 591,
              "state": null,
              "speed": null,
              "pass": false,
              "fail": false,
              "pending": false,
              "context": null,
              "code": "const respLogin = await login()\ntoken = respLogin.body.data.accessToken",
              "err": {},
              "uuid": "634bee3c-2460-409c-9370-837cb85fed06",
              "parentUUID": "015f2fc8-5bed-4375-bc3b-d34032d8cdd6",
              "isHook": true,
              "skipped": false
            }
          ],
          "afterHooks": [],
          "tests": [
            {
              "title": "Success create user",
              "fullTitle": "CRUD Positive RESTFULL Users Success create user",
              "timedOut": false,
              "duration": 487,
              "state": "passed",
              "speed": "slow",
              "pass": true,
              "fail": false,
              "pending": false,
              "context": null,
              "code": "const respCreateUser = await createUser(validUser, token)\nuserId = await respCreateUser.body.data.userId\nexpect (respCreateUser.status).equal(201)",
              "err": {},
              "uuid": "154c5336-b803-49df-a325-d2dff7a7e07f",
              "parentUUID": "015f2fc8-5bed-4375-bc3b-d34032d8cdd6",
              "isHook": false,
              "skipped": false
            },
            {
              "title": "Success get detail user",
              "fullTitle": "CRUD Positive RESTFULL Users Success get detail user",
              "timedOut": false,
              "duration": 245,
              "state": "passed",
              "speed": "slow",
              "pass": true,
              "fail": false,
              "pending": false,
              "context": null,
              "code": "const respGetDetailUser = await getUserDetail(userId, token)\nexpect (respGetDetailUser.status).equal(200)",
              "err": {},
              "uuid": "f903d5dd-b61b-490b-b2a6-573b259cc979",
              "parentUUID": "015f2fc8-5bed-4375-bc3b-d34032d8cdd6",
              "isHook": false,
              "skipped": false
            },
            {
              "title": "Success update user",
              "fullTitle": "CRUD Positive RESTFULL Users Success update user",
              "timedOut": false,
              "duration": 74,
              "state": "passed",
              "speed": "medium",
              "pass": true,
              "fail": false,
              "pending": false,
              "context": null,
              "code": "const respUpdateUser = await updateUser(userId, token)\nexpect (respUpdateUser.status).equal(200)",
              "err": {},
              "uuid": "4569de6b-09f5-4f16-84da-5d4e134a3236",
              "parentUUID": "015f2fc8-5bed-4375-bc3b-d34032d8cdd6",
              "isHook": false,
              "skipped": false
            },
            {
              "title": "Success delete user",
              "fullTitle": "CRUD Positive RESTFULL Users Success delete user",
              "timedOut": false,
              "duration": 196,
              "state": "passed",
              "speed": "slow",
              "pass": true,
              "fail": false,
              "pending": false,
              "context": null,
              "code": "const respDeleteUser = await deleteUser(userId, token)\nexpect (respDeleteUser.status).equal(200)",
              "err": {},
              "uuid": "1296f7cf-c835-4e7d-87c2-0a827dbf05d2",
              "parentUUID": "015f2fc8-5bed-4375-bc3b-d34032d8cdd6",
              "isHook": false,
              "skipped": false
            }
          ],
          "suites": [],
          "passes": [
            "154c5336-b803-49df-a325-d2dff7a7e07f",
            "f903d5dd-b61b-490b-b2a6-573b259cc979",
            "4569de6b-09f5-4f16-84da-5d4e134a3236",
            "1296f7cf-c835-4e7d-87c2-0a827dbf05d2"
          ],
          "failures": [],
          "pending": [],
          "skipped": [],
          "duration": 1002,
          "root": false,
          "rootEmpty": false,
          "_timeout": 2000
        }
      ],
      "passes": [],
      "failures": [],
      "pending": [],
      "skipped": [],
      "duration": 0,
      "root": true,
      "rootEmpty": true,
      "_timeout": 2000
    }
  ],
  "meta": {
    "mocha": {
      "version": "10.2.0"
    },
    "mochawesome": {
      "options": {
        "quiet": false,
        "reportFilename": "mochawesome",
        "saveHtml": true,
        "saveJson": true,
        "consoleReporter": "spec",
        "useInlineDiffs": false,
        "code": true
      },
      "version": "7.1.3"
    },
    "marge": {
      "options": null,
      "version": "6.2.0"
    }
  }
}